2020-08-18 00:10:40,601 INFO org.springframework.boot.logging.DeferredLog [restartedMain] Devtools property defaults active! Set 'spring.devtools.add-properties' to 'false' to disable
2020-08-18 00:10:40,903 INFO org.springframework.context.support.PostProcessorRegistrationDelegate$BeanPostProcessorChecker [restartedMain] Bean 'org.springframework.cloud.autoconfigure.ConfigurationPropertiesRebinderAutoConfiguration' of type [org.springframework.cloud.autoconfigure.ConfigurationPropertiesRebinderAutoConfiguration$$EnhancerBySpringCGLIB$$9a2d4e18] is not eligible for getting processed by all BeanPostProcessors (for example: not eligible for auto-proxying)
2020-08-18 00:10:41,071 INFO org.springframework.boot.SpringApplication [restartedMain] No active profile set, falling back to default profiles: default
2020-08-18 00:10:42,093 INFO org.springframework.cloud.context.scope.GenericScope [restartedMain] BeanFactory id=98356cf2-32d2-363d-888d-6612aed494ca
2020-08-18 00:10:42,236 INFO org.springframework.context.support.PostProcessorRegistrationDelegate$BeanPostProcessorChecker [restartedMain] Bean 'com.br.print.dataprovider.feign.PlaceFeign' of type [org.springframework.cloud.openfeign.FeignClientFactoryBean] is not eligible for getting processed by all BeanPostProcessors (for example: not eligible for auto-proxying)
2020-08-18 00:10:42,453 INFO org.springframework.context.support.PostProcessorRegistrationDelegate$BeanPostProcessorChecker [restartedMain] Bean 'org.springframework.cloud.autoconfigure.ConfigurationPropertiesRebinderAutoConfiguration' of type [org.springframework.cloud.autoconfigure.ConfigurationPropertiesRebinderAutoConfiguration$$EnhancerBySpringCGLIB$$9a2d4e18] is not eligible for getting processed by all BeanPostProcessors (for example: not eligible for auto-proxying)
2020-08-18 00:10:43,067 INFO org.springframework.boot.web.embedded.tomcat.TomcatWebServer [restartedMain] Tomcat initialized with port(s): 8080 (http)
2020-08-18 00:10:43,077 INFO org.apache.juli.logging.DirectJDKLog [restartedMain] Initializing ProtocolHandler ["http-nio-8080"]
2020-08-18 00:10:43,079 INFO org.apache.juli.logging.DirectJDKLog [restartedMain] Starting service [Tomcat]
2020-08-18 00:10:43,079 INFO org.apache.juli.logging.DirectJDKLog [restartedMain] Starting Servlet engine: [Apache Tomcat/9.0.37]
2020-08-18 00:10:43,182 INFO org.apache.juli.logging.DirectJDKLog [restartedMain] Initializing Spring embedded WebApplicationContext
2020-08-18 00:10:43,183 INFO org.springframework.boot.web.servlet.context.ServletWebServerApplicationContext [restartedMain] Root WebApplicationContext: initialization completed in 2088 ms
2020-08-18 00:10:43,506 INFO org.springframework.boot.devtools.autoconfigure.OptionalLiveReloadServer [restartedMain] LiveReload server is running on port 35729
2020-08-18 00:10:44,121 INFO org.ehcache.sizeof.filters.AnnotationSizeOfFilter [restartedMain] Using regular expression provided through VM argument org.ehcache.sizeof.filters.AnnotationSizeOfFilter.pattern for IgnoreSizeOf annotation : ^.*cache\..*IgnoreSizeOf$
2020-08-18 00:10:44,174 INFO org.ehcache.sizeof.impl.JvmInformation [restartedMain] Detected JVM data model settings of: 64-Bit HotSpot JVM with Compressed OOPs
2020-08-18 00:10:44,215 INFO org.ehcache.sizeof.impl.AgentLoader [restartedMain] Failed to attach to VM and load the agent: class java.io.IOException: Can not attach to current VM
2020-08-18 00:10:44,313 INFO org.ehcache.shadow.org.terracotta.offheapstore.paging.UpfrontAllocatingPageSource [restartedMain] Allocating 350.0MB in chunks
2020-08-18 00:10:44,467 INFO org.ehcache.core.EhcacheManager [restartedMain] Cache 'stateCities' created in EhcacheManager.
2020-08-18 00:10:44,510 INFO org.ehcache.jsr107.Eh107CacheManager [restartedMain] Registering Ehcache MBean javax.cache:type=CacheStatistics,CacheManager=file./home/thiago/dev/challenges/print-local/api-print-local/target/classes/ehcache.xml,Cache=stateCities
2020-08-18 00:10:44,523 INFO org.ehcache.jsr107.Eh107CacheManager [restartedMain] Registering Ehcache MBean javax.cache:type=CacheStatistics,CacheManager=file./home/thiago/dev/challenges/print-local/api-print-local/target/classes/ehcache.xml,Cache=stateCities
2020-08-18 00:10:45,104 INFO springfox.documentation.spring.web.PropertySourcedRequestMappingHandlerMapping [restartedMain] Mapped URL path [/v2/api-docs] onto method [springfox.documentation.swagger2.web.Swagger2Controller#getDocumentation(String, HttpServletRequest)]
2020-08-18 00:10:45,430 INFO org.springframework.security.web.DefaultSecurityFilterChain [restartedMain] Creating filter chain: Ant [pattern='/v2/api-docs'], []
2020-08-18 00:10:45,431 INFO org.springframework.security.web.DefaultSecurityFilterChain [restartedMain] Creating filter chain: Ant [pattern='/configuration/ui'], []
2020-08-18 00:10:45,431 INFO org.springframework.security.web.DefaultSecurityFilterChain [restartedMain] Creating filter chain: Ant [pattern='/swagger-resources'], []
2020-08-18 00:10:45,431 INFO org.springframework.security.web.DefaultSecurityFilterChain [restartedMain] Creating filter chain: Ant [pattern='/configuration/security'], []
2020-08-18 00:10:45,431 INFO org.springframework.security.web.DefaultSecurityFilterChain [restartedMain] Creating filter chain: Ant [pattern='/swagger-ui.html'], []
2020-08-18 00:10:45,431 INFO org.springframework.security.web.DefaultSecurityFilterChain [restartedMain] Creating filter chain: Ant [pattern='/webjars/**'], []
2020-08-18 00:10:45,476 INFO org.springframework.security.web.DefaultSecurityFilterChain [restartedMain] Creating filter chain: any request, [org.springframework.security.web.context.request.async.WebAsyncManagerIntegrationFilter@34d6342a, org.springframework.security.web.context.SecurityContextPersistenceFilter@29a2abc, org.springframework.security.web.header.HeaderWriterFilter@be28522, org.springframework.security.web.authentication.logout.LogoutFilter@5b437aec, com.br.print.configuration.security.JwtLoginFilter@60511c1f, com.br.print.configuration.security.JwtAuthenticationFilter@6991e7c5, org.springframework.security.web.savedrequest.RequestCacheAwareFilter@422e2277, org.springframework.security.web.servletapi.SecurityContextHolderAwareRequestFilter@4f12483e, org.springframework.security.web.authentication.AnonymousAuthenticationFilter@1a7c1eb6, org.springframework.security.web.session.SessionManagementFilter@1bb6b0bd, org.springframework.security.web.access.ExceptionTranslationFilter@952aea0, org.springframework.security.web.access.intercept.FilterSecurityInterceptor@756df5b7]
2020-08-18 00:10:45,510 WARN org.springframework.cloud.netflix.archaius.ArchaiusAutoConfiguration [restartedMain] No spring.application.name found, defaulting to 'application'
2020-08-18 00:10:45,514 WARN com.netflix.config.sources.URLConfigurationSource [restartedMain] No URLs will be polled as dynamic configuration sources.
2020-08-18 00:10:45,514 INFO com.netflix.config.sources.URLConfigurationSource [restartedMain] To enable URLs as dynamic configuration sources, define System property archaius.configurationSource.additionalUrls or make config.properties available on classpath.
2020-08-18 00:10:45,519 WARN com.netflix.config.sources.URLConfigurationSource [restartedMain] No URLs will be polled as dynamic configuration sources.
2020-08-18 00:10:45,520 INFO com.netflix.config.sources.URLConfigurationSource [restartedMain] To enable URLs as dynamic configuration sources, define System property archaius.configurationSource.additionalUrls or make config.properties available on classpath.
2020-08-18 00:10:45,836 INFO org.apache.juli.logging.DirectJDKLog [restartedMain] Starting ProtocolHandler ["http-nio-8080"]
2020-08-18 00:10:45,851 INFO org.springframework.boot.web.embedded.tomcat.TomcatWebServer [restartedMain] Tomcat started on port(s): 8080 (http) with context path ''
2020-08-18 00:10:45,867 INFO springfox.documentation.spring.web.plugins.DocumentationPluginsBootstrapper [restartedMain] Context refreshed
2020-08-18 00:10:45,883 INFO springfox.documentation.spring.web.plugins.DocumentationPluginsBootstrapper [restartedMain] Found 1 custom documentation plugin(s)
2020-08-18 00:10:45,913 INFO springfox.documentation.spring.web.scanners.ApiListingReferenceScanner [restartedMain] Scanning for api listing references
2020-08-18 00:10:46,008 INFO org.springframework.boot.StartupInfoLogger [restartedMain] Started ApiPrintLocalApplication in 6.021 seconds (JVM running for 6.815)
2020-08-18 00:11:20,112 INFO org.apache.juli.logging.DirectJDKLog [http-nio-8080-exec-2] Initializing Spring DispatcherServlet 'dispatcherServlet'
2020-08-18 00:11:20,113 INFO org.springframework.web.servlet.FrameworkServlet [http-nio-8080-exec-2] Initializing Servlet 'dispatcherServlet'
2020-08-18 00:11:20,148 INFO org.springframework.web.servlet.FrameworkServlet [http-nio-8080-exec-2] Completed initialization in 34 ms
2020-08-18 00:11:21,616 INFO com.br.print.core.cache.EhCacheLogger [Ehcache [_default_]-0] Cache key: MG | Cache emited: 18/08/2020 00:11:21 
2020-08-18 00:11:24,748 WARN org.ehcache.impl.internal.store.heap.OnHeapStore [http-nio-8080-exec-3] Max Object Graph Size reached for the object : Sudeste
2020-08-18 00:11:33,702 ERROR com.br.print.core.handler.HandlerGenericHttpRequest [http-nio-8080-exec-5] Error: Handler dispatch failed; nested exception is java.lang.OutOfMemoryError: Requested array size exceeds VM limit | URL requisitada: /v1/places/states/sc/cities/pdf | Código de erro: 500 | Método: GET
org.springframework.web.util.NestedServletException: Handler dispatch failed; nested exception is java.lang.OutOfMemoryError: Requested array size exceeds VM limit
	at org.springframework.web.servlet.DispatcherServlet.doDispatch(DispatcherServlet.java:1055)
	at org.springframework.web.servlet.DispatcherServlet.doService(DispatcherServlet.java:943)
	at org.springframework.web.servlet.FrameworkServlet.processRequest(FrameworkServlet.java:1006)
	at org.springframework.web.servlet.FrameworkServlet.doGet(FrameworkServlet.java:898)
	at javax.servlet.http.HttpServlet.service(HttpServlet.java:626)
	at org.springframework.web.servlet.FrameworkServlet.service(FrameworkServlet.java:883)
	at javax.servlet.http.HttpServlet.service(HttpServlet.java:733)
	at org.apache.catalina.core.ApplicationFilterChain.internalDoFilter(ApplicationFilterChain.java:231)
	at org.apache.catalina.core.ApplicationFilterChain.doFilter(ApplicationFilterChain.java:166)
	at org.apache.tomcat.websocket.server.WsFilter.doFilter(WsFilter.java:53)
	at org.apache.catalina.core.ApplicationFilterChain.internalDoFilter(ApplicationFilterChain.java:193)
	at org.apache.catalina.core.ApplicationFilterChain.doFilter(ApplicationFilterChain.java:166)
	at org.springframework.security.web.FilterChainProxy$VirtualFilterChain.doFilter(FilterChainProxy.java:320)
	at org.springframework.security.web.access.intercept.FilterSecurityInterceptor.invoke(FilterSecurityInterceptor.java:126)
	at org.springframework.security.web.access.intercept.FilterSecurityInterceptor.doFilter(FilterSecurityInterceptor.java:90)
	at org.springframework.security.web.FilterChainProxy$VirtualFilterChain.doFilter(FilterChainProxy.java:334)
	at org.springframework.security.web.access.ExceptionTranslationFilter.doFilter(ExceptionTranslationFilter.java:118)
	at org.springframework.security.web.FilterChainProxy$VirtualFilterChain.doFilter(FilterChainProxy.java:334)
	at org.springframework.security.web.session.SessionManagementFilter.doFilter(SessionManagementFilter.java:137)
	at org.springframework.security.web.FilterChainProxy$VirtualFilterChain.doFilter(FilterChainProxy.java:334)
	at org.springframework.security.web.authentication.AnonymousAuthenticationFilter.doFilter(AnonymousAuthenticationFilter.java:111)
	at org.springframework.security.web.FilterChainProxy$VirtualFilterChain.doFilter(FilterChainProxy.java:334)
	at org.springframework.security.web.servletapi.SecurityContextHolderAwareRequestFilter.doFilter(SecurityContextHolderAwareRequestFilter.java:158)
	at org.springframework.security.web.FilterChainProxy$VirtualFilterChain.doFilter(FilterChainProxy.java:334)
	at org.springframework.security.web.savedrequest.RequestCacheAwareFilter.doFilter(RequestCacheAwareFilter.java:63)
	at org.springframework.security.web.FilterChainProxy$VirtualFilterChain.doFilter(FilterChainProxy.java:334)
	at com.br.print.configuration.security.JwtAuthenticationFilter.doFilter(JwtAuthenticationFilter.java:25)
	at org.springframework.security.web.FilterChainProxy$VirtualFilterChain.doFilter(FilterChainProxy.java:334)
	at org.springframework.security.web.authentication.AbstractAuthenticationProcessingFilter.doFilter(AbstractAuthenticationProcessingFilter.java:200)
	at org.springframework.security.web.FilterChainProxy$VirtualFilterChain.doFilter(FilterChainProxy.java:334)
	at org.springframework.security.web.authentication.logout.LogoutFilter.doFilter(LogoutFilter.java:116)
	at org.springframework.security.web.FilterChainProxy$VirtualFilterChain.doFilter(FilterChainProxy.java:334)
	at org.springframework.security.web.header.HeaderWriterFilter.doHeadersAfter(HeaderWriterFilter.java:92)
	at org.springframework.security.web.header.HeaderWriterFilter.doFilterInternal(HeaderWriterFilter.java:77)
	at org.springframework.web.filter.OncePerRequestFilter.doFilter(OncePerRequestFilter.java:119)
	at org.springframework.security.web.FilterChainProxy$VirtualFilterChain.doFilter(FilterChainProxy.java:334)
	at org.springframework.security.web.context.SecurityContextPersistenceFilter.doFilter(SecurityContextPersistenceFilter.java:105)
	at org.springframework.security.web.FilterChainProxy$VirtualFilterChain.doFilter(FilterChainProxy.java:334)
	at org.springframework.security.web.context.request.async.WebAsyncManagerIntegrationFilter.doFilterInternal(WebAsyncManagerIntegrationFilter.java:56)
	at org.springframework.web.filter.OncePerRequestFilter.doFilter(OncePerRequestFilter.java:119)
	at org.springframework.security.web.FilterChainProxy$VirtualFilterChain.doFilter(FilterChainProxy.java:334)
	at org.springframework.security.web.FilterChainProxy.doFilterInternal(FilterChainProxy.java:215)
	at org.springframework.security.web.FilterChainProxy.doFilter(FilterChainProxy.java:178)
	at org.springframework.web.filter.DelegatingFilterProxy.invokeDelegate(DelegatingFilterProxy.java:358)
	at org.springframework.web.filter.DelegatingFilterProxy.doFilter(DelegatingFilterProxy.java:271)
	at org.apache.catalina.core.ApplicationFilterChain.internalDoFilter(ApplicationFilterChain.java:193)
	at org.apache.catalina.core.ApplicationFilterChain.doFilter(ApplicationFilterChain.java:166)
	at org.springframework.web.filter.CharacterEncodingFilter.doFilterInternal(CharacterEncodingFilter.java:201)
	at org.springframework.web.filter.OncePerRequestFilter.doFilter(OncePerRequestFilter.java:119)
	at org.apache.catalina.core.ApplicationFilterChain.internalDoFilter(ApplicationFilterChain.java:193)
	at org.apache.catalina.core.ApplicationFilterChain.doFilter(ApplicationFilterChain.java:166)
	at org.apache.catalina.core.StandardWrapperValve.invoke(StandardWrapperValve.java:202)
	at org.apache.catalina.core.StandardContextValve.invoke(StandardContextValve.java:96)
	at org.apache.catalina.authenticator.AuthenticatorBase.invoke(AuthenticatorBase.java:541)
	at org.apache.catalina.core.StandardHostValve.invoke(StandardHostValve.java:139)
	at org.apache.catalina.valves.ErrorReportValve.invoke(ErrorReportValve.java:92)
	at org.apache.catalina.core.StandardEngineValve.invoke(StandardEngineValve.java:74)
	at org.apache.catalina.connector.CoyoteAdapter.service(CoyoteAdapter.java:343)
	at org.apache.coyote.http11.Http11Processor.service(Http11Processor.java:373)
	at org.apache.coyote.AbstractProcessorLight.process(AbstractProcessorLight.java:65)
	at org.apache.coyote.AbstractProtocol$ConnectionHandler.process(AbstractProtocol.java:868)
	at org.apache.tomcat.util.net.NioEndpoint$SocketProcessor.doRun(NioEndpoint.java:1589)
	at org.apache.tomcat.util.net.SocketProcessorBase.run(SocketProcessorBase.java:49)
	at java.base/java.util.concurrent.ThreadPoolExecutor.runWorker(ThreadPoolExecutor.java:1128)
	at java.base/java.util.concurrent.ThreadPoolExecutor$Worker.run(ThreadPoolExecutor.java:628)
	at org.apache.tomcat.util.threads.TaskThread$WrappingRunnable.run(TaskThread.java:61)
	at java.base/java.lang.Thread.run(Thread.java:830)
Caused by: java.lang.OutOfMemoryError: Requested array size exceeds VM limit
	at com.br.print.core.entrypoint.PlaceEntrypoint.listCitiesByStatePdfReport(PlaceEntrypoint.java:65)
	at java.base/jdk.internal.reflect.NativeMethodAccessorImpl.invoke0(Native Method)
	at java.base/jdk.internal.reflect.NativeMethodAccessorImpl.invoke(NativeMethodAccessorImpl.java:62)
	at java.base/jdk.internal.reflect.DelegatingMethodAccessorImpl.invoke(DelegatingMethodAccessorImpl.java:43)
	at java.base/java.lang.reflect.Method.invoke(Method.java:567)
	at org.springframework.web.method.support.InvocableHandlerMethod.doInvoke(InvocableHandlerMethod.java:190)
	at org.springframework.web.method.support.InvocableHandlerMethod.invokeForRequest(InvocableHandlerMethod.java:138)
	at org.springframework.web.servlet.mvc.method.annotation.ServletInvocableHandlerMethod.invokeAndHandle(ServletInvocableHandlerMethod.java:105)
	at org.springframework.web.servlet.mvc.method.annotation.RequestMappingHandlerAdapter.invokeHandlerMethod(RequestMappingHandlerAdapter.java:878)
	at org.springframework.web.servlet.mvc.method.annotation.RequestMappingHandlerAdapter.handleInternal(RequestMappingHandlerAdapter.java:792)
	at org.springframework.web.servlet.mvc.method.AbstractHandlerMethodAdapter.handle(AbstractHandlerMethodAdapter.java:87)
	at org.springframework.web.servlet.DispatcherServlet.doDispatch(DispatcherServlet.java:1040)
	at org.springframework.web.servlet.DispatcherServlet.doService(DispatcherServlet.java:943)
	at org.springframework.web.servlet.FrameworkServlet.processRequest(FrameworkServlet.java:1006)
	at org.springframework.web.servlet.FrameworkServlet.doGet(FrameworkServlet.java:898)
	at javax.servlet.http.HttpServlet.service(HttpServlet.java:626)
	at org.springframework.web.servlet.FrameworkServlet.service(FrameworkServlet.java:883)
	at javax.servlet.http.HttpServlet.service(HttpServlet.java:733)
	at org.apache.catalina.core.ApplicationFilterChain.internalDoFilter(ApplicationFilterChain.java:231)
	at org.apache.catalina.core.ApplicationFilterChain.doFilter(ApplicationFilterChain.java:166)
	at org.apache.tomcat.websocket.server.WsFilter.doFilter(WsFilter.java:53)
	at org.apache.catalina.core.ApplicationFilterChain.internalDoFilter(ApplicationFilterChain.java:193)
	at org.apache.catalina.core.ApplicationFilterChain.doFilter(ApplicationFilterChain.java:166)
	at org.springframework.security.web.FilterChainProxy$VirtualFilterChain.doFilter(FilterChainProxy.java:320)
	at org.springframework.security.web.access.intercept.FilterSecurityInterceptor.invoke(FilterSecurityInterceptor.java:126)
	at org.springframework.security.web.access.intercept.FilterSecurityInterceptor.doFilter(FilterSecurityInterceptor.java:90)
	at org.springframework.security.web.FilterChainProxy$VirtualFilterChain.doFilter(FilterChainProxy.java:334)
	at org.springframework.security.web.access.ExceptionTranslationFilter.doFilter(ExceptionTranslationFilter.java:118)
	at org.springframework.security.web.FilterChainProxy$VirtualFilterChain.doFilter(FilterChainProxy.java:334)
	at org.springframework.security.web.session.SessionManagementFilter.doFilter(SessionManagementFilter.java:137)
	at org.springframework.security.web.FilterChainProxy$VirtualFilterChain.doFilter(FilterChainProxy.java:334)
	at org.springframework.security.web.authentication.AnonymousAuthenticationFilter.doFilter(AnonymousAuthenticationFilter.java:111)
2020-08-18 00:12:55,757 INFO org.ehcache.core.EhcacheManager [SpringContextShutdownHook] Cache 'stateCities' removed from EhcacheManager.
2020-08-18 00:13:07,328 INFO org.springframework.boot.logging.DeferredLog [restartedMain] Devtools property defaults active! Set 'spring.devtools.add-properties' to 'false' to disable
2020-08-18 00:13:07,695 INFO org.springframework.context.support.PostProcessorRegistrationDelegate$BeanPostProcessorChecker [restartedMain] Bean 'org.springframework.cloud.autoconfigure.ConfigurationPropertiesRebinderAutoConfiguration' of type [org.springframework.cloud.autoconfigure.ConfigurationPropertiesRebinderAutoConfiguration$$EnhancerBySpringCGLIB$$b1e06e4c] is not eligible for getting processed by all BeanPostProcessors (for example: not eligible for auto-proxying)
2020-08-18 00:13:07,905 INFO org.springframework.boot.SpringApplication [restartedMain] No active profile set, falling back to default profiles: default
2020-08-18 00:13:09,139 INFO org.springframework.cloud.context.scope.GenericScope [restartedMain] BeanFactory id=98356cf2-32d2-363d-888d-6612aed494ca
2020-08-18 00:13:09,297 INFO org.springframework.context.support.PostProcessorRegistrationDelegate$BeanPostProcessorChecker [restartedMain] Bean 'com.br.print.dataprovider.feign.PlaceFeign' of type [org.springframework.cloud.openfeign.FeignClientFactoryBean] is not eligible for getting processed by all BeanPostProcessors (for example: not eligible for auto-proxying)
2020-08-18 00:13:09,548 INFO org.springframework.context.support.PostProcessorRegistrationDelegate$BeanPostProcessorChecker [restartedMain] Bean 'org.springframework.cloud.autoconfigure.ConfigurationPropertiesRebinderAutoConfiguration' of type [org.springframework.cloud.autoconfigure.ConfigurationPropertiesRebinderAutoConfiguration$$EnhancerBySpringCGLIB$$b1e06e4c] is not eligible for getting processed by all BeanPostProcessors (for example: not eligible for auto-proxying)
2020-08-18 00:13:10,258 INFO org.springframework.boot.web.embedded.tomcat.TomcatWebServer [restartedMain] Tomcat initialized with port(s): 8080 (http)
2020-08-18 00:13:10,268 INFO org.apache.juli.logging.DirectJDKLog [restartedMain] Initializing ProtocolHandler ["http-nio-8080"]
2020-08-18 00:13:10,269 INFO org.apache.juli.logging.DirectJDKLog [restartedMain] Starting service [Tomcat]
2020-08-18 00:13:10,269 INFO org.apache.juli.logging.DirectJDKLog [restartedMain] Starting Servlet engine: [Apache Tomcat/9.0.37]
2020-08-18 00:13:10,385 INFO org.apache.juli.logging.DirectJDKLog [restartedMain] Initializing Spring embedded WebApplicationContext
2020-08-18 00:13:10,385 INFO org.springframework.boot.web.servlet.context.ServletWebServerApplicationContext [restartedMain] Root WebApplicationContext: initialization completed in 2446 ms
2020-08-18 00:13:10,728 INFO org.springframework.boot.devtools.autoconfigure.OptionalLiveReloadServer [restartedMain] LiveReload server is running on port 35729
2020-08-18 00:13:11,528 INFO org.ehcache.sizeof.filters.AnnotationSizeOfFilter [restartedMain] Using regular expression provided through VM argument org.ehcache.sizeof.filters.AnnotationSizeOfFilter.pattern for IgnoreSizeOf annotation : ^.*cache\..*IgnoreSizeOf$
2020-08-18 00:13:11,603 INFO org.ehcache.sizeof.impl.JvmInformation [restartedMain] Detected JVM data model settings of: 64-Bit HotSpot JVM with Compressed OOPs
2020-08-18 00:13:11,654 INFO org.ehcache.sizeof.impl.AgentLoader [restartedMain] Failed to attach to VM and load the agent: class java.io.IOException: Can not attach to current VM
2020-08-18 00:13:11,786 INFO org.ehcache.shadow.org.terracotta.offheapstore.paging.UpfrontAllocatingPageSource [restartedMain] Allocating 350.0MB in chunks
2020-08-18 00:13:11,981 INFO org.ehcache.core.EhcacheManager [restartedMain] Cache 'stateCities' created in EhcacheManager.
2020-08-18 00:13:12,030 INFO org.ehcache.jsr107.Eh107CacheManager [restartedMain] Registering Ehcache MBean javax.cache:type=CacheStatistics,CacheManager=file./home/thiago/dev/challenges/print-local/api-print-local/target/classes/ehcache.xml,Cache=stateCities
2020-08-18 00:13:12,043 INFO org.ehcache.jsr107.Eh107CacheManager [restartedMain] Registering Ehcache MBean javax.cache:type=CacheStatistics,CacheManager=file./home/thiago/dev/challenges/print-local/api-print-local/target/classes/ehcache.xml,Cache=stateCities
2020-08-18 00:13:12,604 INFO springfox.documentation.spring.web.PropertySourcedRequestMappingHandlerMapping [restartedMain] Mapped URL path [/v2/api-docs] onto method [springfox.documentation.swagger2.web.Swagger2Controller#getDocumentation(String, HttpServletRequest)]
2020-08-18 00:13:12,875 INFO org.springframework.security.web.DefaultSecurityFilterChain [restartedMain] Creating filter chain: Ant [pattern='/v2/api-docs'], []
2020-08-18 00:13:12,876 INFO org.springframework.security.web.DefaultSecurityFilterChain [restartedMain] Creating filter chain: Ant [pattern='/configuration/ui'], []
2020-08-18 00:13:12,876 INFO org.springframework.security.web.DefaultSecurityFilterChain [restartedMain] Creating filter chain: Ant [pattern='/swagger-resources'], []
2020-08-18 00:13:12,876 INFO org.springframework.security.web.DefaultSecurityFilterChain [restartedMain] Creating filter chain: Ant [pattern='/configuration/security'], []
2020-08-18 00:13:12,876 INFO org.springframework.security.web.DefaultSecurityFilterChain [restartedMain] Creating filter chain: Ant [pattern='/swagger-ui.html'], []
2020-08-18 00:13:12,876 INFO org.springframework.security.web.DefaultSecurityFilterChain [restartedMain] Creating filter chain: Ant [pattern='/webjars/**'], []
2020-08-18 00:13:12,920 INFO org.springframework.security.web.DefaultSecurityFilterChain [restartedMain] Creating filter chain: any request, [org.springframework.security.web.context.request.async.WebAsyncManagerIntegrationFilter@489c153, org.springframework.security.web.context.SecurityContextPersistenceFilter@7913690f, org.springframework.security.web.header.HeaderWriterFilter@7186f225, org.springframework.security.web.authentication.logout.LogoutFilter@22e1946b, com.br.print.configuration.security.JwtLoginFilter@6e2fc9d, com.br.print.configuration.security.JwtAuthenticationFilter@7e74c09e, org.springframework.security.web.savedrequest.RequestCacheAwareFilter@5fa4a57e, org.springframework.security.web.servletapi.SecurityContextHolderAwareRequestFilter@3b6a67f6, org.springframework.security.web.authentication.AnonymousAuthenticationFilter@3a2d3eb, org.springframework.security.web.session.SessionManagementFilter@1e6426d0, org.springframework.security.web.access.ExceptionTranslationFilter@54ebb0e4, org.springframework.security.web.access.intercept.FilterSecurityInterceptor@1b014fc6]
2020-08-18 00:13:12,967 WARN org.springframework.cloud.netflix.archaius.ArchaiusAutoConfiguration [restartedMain] No spring.application.name found, defaulting to 'application'
2020-08-18 00:13:12,972 WARN com.netflix.config.sources.URLConfigurationSource [restartedMain] No URLs will be polled as dynamic configuration sources.
2020-08-18 00:13:12,973 INFO com.netflix.config.sources.URLConfigurationSource [restartedMain] To enable URLs as dynamic configuration sources, define System property archaius.configurationSource.additionalUrls or make config.properties available on classpath.
2020-08-18 00:13:12,982 WARN com.netflix.config.sources.URLConfigurationSource [restartedMain] No URLs will be polled as dynamic configuration sources.
2020-08-18 00:13:12,983 INFO com.netflix.config.sources.URLConfigurationSource [restartedMain] To enable URLs as dynamic configuration sources, define System property archaius.configurationSource.additionalUrls or make config.properties available on classpath.
2020-08-18 00:13:13,483 INFO org.apache.juli.logging.DirectJDKLog [restartedMain] Starting ProtocolHandler ["http-nio-8080"]
2020-08-18 00:13:13,504 INFO org.springframework.boot.web.embedded.tomcat.TomcatWebServer [restartedMain] Tomcat started on port(s): 8080 (http) with context path ''
2020-08-18 00:13:13,521 INFO springfox.documentation.spring.web.plugins.DocumentationPluginsBootstrapper [restartedMain] Context refreshed
2020-08-18 00:13:13,546 INFO springfox.documentation.spring.web.plugins.DocumentationPluginsBootstrapper [restartedMain] Found 1 custom documentation plugin(s)
2020-08-18 00:13:13,573 INFO springfox.documentation.spring.web.scanners.ApiListingReferenceScanner [restartedMain] Scanning for api listing references
2020-08-18 00:13:13,699 INFO org.springframework.boot.StartupInfoLogger [restartedMain] Started ApiPrintLocalApplication in 7.086 seconds (JVM running for 7.943)
2020-08-18 00:13:19,750 INFO org.apache.juli.logging.DirectJDKLog [http-nio-8080-exec-2] Initializing Spring DispatcherServlet 'dispatcherServlet'
2020-08-18 00:13:19,751 INFO org.springframework.web.servlet.FrameworkServlet [http-nio-8080-exec-2] Initializing Servlet 'dispatcherServlet'
2020-08-18 00:13:19,764 INFO org.springframework.web.servlet.FrameworkServlet [http-nio-8080-exec-2] Completed initialization in 13 ms
2020-08-18 00:15:06,303 INFO org.ehcache.core.EhcacheManager [SpringContextShutdownHook] Cache 'stateCities' removed from EhcacheManager.
2020-08-18 00:16:12,773 INFO org.springframework.boot.logging.DeferredLog [restartedMain] Devtools property defaults active! Set 'spring.devtools.add-properties' to 'false' to disable
2020-08-18 00:16:13,114 INFO org.springframework.context.support.PostProcessorRegistrationDelegate$BeanPostProcessorChecker [restartedMain] Bean 'org.springframework.cloud.autoconfigure.ConfigurationPropertiesRebinderAutoConfiguration' of type [org.springframework.cloud.autoconfigure.ConfigurationPropertiesRebinderAutoConfiguration$$EnhancerBySpringCGLIB$$c4b664c5] is not eligible for getting processed by all BeanPostProcessors (for example: not eligible for auto-proxying)
2020-08-18 00:16:13,280 INFO org.springframework.boot.SpringApplication [restartedMain] No active profile set, falling back to default profiles: default
2020-08-18 00:16:14,552 INFO org.springframework.cloud.context.scope.GenericScope [restartedMain] BeanFactory id=98356cf2-32d2-363d-888d-6612aed494ca
2020-08-18 00:16:14,780 INFO org.springframework.context.support.PostProcessorRegistrationDelegate$BeanPostProcessorChecker [restartedMain] Bean 'com.br.print.dataprovider.feign.PlaceFeign' of type [org.springframework.cloud.openfeign.FeignClientFactoryBean] is not eligible for getting processed by all BeanPostProcessors (for example: not eligible for auto-proxying)
2020-08-18 00:16:15,080 INFO org.springframework.context.support.PostProcessorRegistrationDelegate$BeanPostProcessorChecker [restartedMain] Bean 'org.springframework.cloud.autoconfigure.ConfigurationPropertiesRebinderAutoConfiguration' of type [org.springframework.cloud.autoconfigure.ConfigurationPropertiesRebinderAutoConfiguration$$EnhancerBySpringCGLIB$$c4b664c5] is not eligible for getting processed by all BeanPostProcessors (for example: not eligible for auto-proxying)
2020-08-18 00:16:15,800 INFO org.springframework.boot.web.embedded.tomcat.TomcatWebServer [restartedMain] Tomcat initialized with port(s): 8080 (http)
2020-08-18 00:16:15,813 INFO org.apache.juli.logging.DirectJDKLog [restartedMain] Initializing ProtocolHandler ["http-nio-8080"]
2020-08-18 00:16:15,814 INFO org.apache.juli.logging.DirectJDKLog [restartedMain] Starting service [Tomcat]
2020-08-18 00:16:15,815 INFO org.apache.juli.logging.DirectJDKLog [restartedMain] Starting Servlet engine: [Apache Tomcat/9.0.37]
2020-08-18 00:16:15,927 INFO org.apache.juli.logging.DirectJDKLog [restartedMain] Initializing Spring embedded WebApplicationContext
2020-08-18 00:16:15,928 INFO org.springframework.boot.web.servlet.context.ServletWebServerApplicationContext [restartedMain] Root WebApplicationContext: initialization completed in 2621 ms
2020-08-18 00:16:16,287 INFO org.springframework.boot.devtools.autoconfigure.OptionalLiveReloadServer [restartedMain] LiveReload server is running on port 35729
2020-08-18 00:16:17,054 INFO org.ehcache.sizeof.filters.AnnotationSizeOfFilter [restartedMain] Using regular expression provided through VM argument org.ehcache.sizeof.filters.AnnotationSizeOfFilter.pattern for IgnoreSizeOf annotation : ^.*cache\..*IgnoreSizeOf$
2020-08-18 00:16:17,125 INFO org.ehcache.sizeof.impl.JvmInformation [restartedMain] Detected JVM data model settings of: 64-Bit HotSpot JVM with Compressed OOPs
2020-08-18 00:16:17,190 INFO org.ehcache.sizeof.impl.AgentLoader [restartedMain] Failed to attach to VM and load the agent: class java.io.IOException: Can not attach to current VM
2020-08-18 00:16:17,344 INFO org.ehcache.shadow.org.terracotta.offheapstore.paging.UpfrontAllocatingPageSource [restartedMain] Allocating 350.0MB in chunks
2020-08-18 00:16:17,577 INFO org.ehcache.core.EhcacheManager [restartedMain] Cache 'stateCities' created in EhcacheManager.
2020-08-18 00:16:17,632 INFO org.ehcache.jsr107.Eh107CacheManager [restartedMain] Registering Ehcache MBean javax.cache:type=CacheStatistics,CacheManager=file./home/thiago/dev/challenges/print-local/api-print-local/target/classes/ehcache.xml,Cache=stateCities
2020-08-18 00:16:17,645 INFO org.ehcache.jsr107.Eh107CacheManager [restartedMain] Registering Ehcache MBean javax.cache:type=CacheStatistics,CacheManager=file./home/thiago/dev/challenges/print-local/api-print-local/target/classes/ehcache.xml,Cache=stateCities
2020-08-18 00:16:18,381 INFO springfox.documentation.spring.web.PropertySourcedRequestMappingHandlerMapping [restartedMain] Mapped URL path [/v2/api-docs] onto method [springfox.documentation.swagger2.web.Swagger2Controller#getDocumentation(String, HttpServletRequest)]
2020-08-18 00:16:18,697 INFO org.springframework.security.web.DefaultSecurityFilterChain [restartedMain] Creating filter chain: Ant [pattern='/v2/api-docs'], []
2020-08-18 00:16:18,698 INFO org.springframework.security.web.DefaultSecurityFilterChain [restartedMain] Creating filter chain: Ant [pattern='/configuration/ui'], []
2020-08-18 00:16:18,699 INFO org.springframework.security.web.DefaultSecurityFilterChain [restartedMain] Creating filter chain: Ant [pattern='/swagger-resources'], []
2020-08-18 00:16:18,699 INFO org.springframework.security.web.DefaultSecurityFilterChain [restartedMain] Creating filter chain: Ant [pattern='/configuration/security'], []
2020-08-18 00:16:18,699 INFO org.springframework.security.web.DefaultSecurityFilterChain [restartedMain] Creating filter chain: Ant [pattern='/swagger-ui.html'], []
2020-08-18 00:16:18,699 INFO org.springframework.security.web.DefaultSecurityFilterChain [restartedMain] Creating filter chain: Ant [pattern='/webjars/**'], []
2020-08-18 00:16:18,747 INFO org.springframework.security.web.DefaultSecurityFilterChain [restartedMain] Creating filter chain: any request, [org.springframework.security.web.context.request.async.WebAsyncManagerIntegrationFilter@404c1ef3, org.springframework.security.web.context.SecurityContextPersistenceFilter@18c5a33d, org.springframework.security.web.header.HeaderWriterFilter@7b50c2c2, org.springframework.security.web.authentication.logout.LogoutFilter@65076dd5, com.br.print.configuration.security.JwtLoginFilter@475c49f5, com.br.print.configuration.security.JwtAuthenticationFilter@26abf415, org.springframework.security.web.savedrequest.RequestCacheAwareFilter@7e219e0b, org.springframework.security.web.servletapi.SecurityContextHolderAwareRequestFilter@167a74dd, org.springframework.security.web.authentication.AnonymousAuthenticationFilter@e7aa4ca, org.springframework.security.web.session.SessionManagementFilter@4976e383, org.springframework.security.web.access.ExceptionTranslationFilter@58a7749, org.springframework.security.web.access.intercept.FilterSecurityInterceptor@661539ce]
2020-08-18 00:16:18,781 WARN org.springframework.cloud.netflix.archaius.ArchaiusAutoConfiguration [restartedMain] No spring.application.name found, defaulting to 'application'
2020-08-18 00:16:18,785 WARN com.netflix.config.sources.URLConfigurationSource [restartedMain] No URLs will be polled as dynamic configuration sources.
2020-08-18 00:16:18,785 INFO com.netflix.config.sources.URLConfigurationSource [restartedMain] To enable URLs as dynamic configuration sources, define System property archaius.configurationSource.additionalUrls or make config.properties available on classpath.
2020-08-18 00:16:18,790 WARN com.netflix.config.sources.URLConfigurationSource [restartedMain] No URLs will be polled as dynamic configuration sources.
2020-08-18 00:16:18,791 INFO com.netflix.config.sources.URLConfigurationSource [restartedMain] To enable URLs as dynamic configuration sources, define System property archaius.configurationSource.additionalUrls or make config.properties available on classpath.
2020-08-18 00:16:19,131 INFO org.apache.juli.logging.DirectJDKLog [restartedMain] Starting ProtocolHandler ["http-nio-8080"]
2020-08-18 00:16:19,156 INFO org.springframework.boot.web.embedded.tomcat.TomcatWebServer [restartedMain] Tomcat started on port(s): 8080 (http) with context path ''
2020-08-18 00:16:19,175 INFO springfox.documentation.spring.web.plugins.DocumentationPluginsBootstrapper [restartedMain] Context refreshed
2020-08-18 00:16:19,192 INFO springfox.documentation.spring.web.plugins.DocumentationPluginsBootstrapper [restartedMain] Found 1 custom documentation plugin(s)
2020-08-18 00:16:19,219 INFO springfox.documentation.spring.web.scanners.ApiListingReferenceScanner [restartedMain] Scanning for api listing references
2020-08-18 00:16:19,321 INFO org.springframework.boot.StartupInfoLogger [restartedMain] Started ApiPrintLocalApplication in 7.275 seconds (JVM running for 8.103)
2020-08-18 00:17:10,960 INFO org.apache.juli.logging.DirectJDKLog [http-nio-8080-exec-1] Initializing Spring DispatcherServlet 'dispatcherServlet'
2020-08-18 00:17:10,961 INFO org.springframework.web.servlet.FrameworkServlet [http-nio-8080-exec-1] Initializing Servlet 'dispatcherServlet'
2020-08-18 00:17:10,973 INFO org.springframework.web.servlet.FrameworkServlet [http-nio-8080-exec-1] Completed initialization in 12 ms
2020-08-18 00:18:29,966 INFO com.br.print.core.cache.EhCacheLogger [Ehcache [_default_]-0] Cache key: MG | Cache emited: 18/08/2020 00:18:29 
2020-08-18 00:18:34,414 WARN org.ehcache.impl.internal.store.heap.OnHeapStore [http-nio-8080-exec-6] Max Object Graph Size reached for the object : Sudeste
